{"C:\\Users\\gts\\OneDrive\\Documents\\JS Course\\Newfolder\\Errors.js": {"path":"C:\\Users\\gts\\OneDrive\\Documents\\JS Course\\Newfolder\\Errors.js","statementMap":{"0":{"start":{"line":3,"column":4},"end":{"line":3,"column":19}},"1":{"start":{"line":4,"column":4},"end":{"line":4,"column":28}},"2":{"start":{"line":5,"column":4},"end":{"line":5,"column":21}},"3":{"start":{"line":9,"column":0},"end":{"line":9,"column":31}}},"fnMap":{"0":{"name":"(anonymous_0)","decl":{"start":{"line":2,"column":2},"end":{"line":2,"column":3}},"loc":{"start":{"line":2,"column":29},"end":{"line":6,"column":3}},"line":2}},"branchMap":{},"s":{"0":0,"1":0,"2":0,"3":1},"f":{"0":0},"b":{},"_coverageSchema":"1a1c01bbd47fc00a2c39e90264f33305004495a9","hash":"7f6deb31a0f5e49f94ab6d60be5c0b33b7cfb3e3"}
,"C:\\Users\\gts\\OneDrive\\Documents\\JS Course\\Newfolder\\config\\database.js": {"path":"C:\\Users\\gts\\OneDrive\\Documents\\JS Course\\Newfolder\\config\\database.js","statementMap":{"0":{"start":{"line":1,"column":18},"end":{"line":1,"column":38}},"1":{"start":{"line":3,"column":18},"end":{"line":3,"column":89}},"2":{"start":{"line":6,"column":0},"end":{"line":6,"column":27}}},"fnMap":{},"branchMap":{},"s":{"0":2,"1":2,"2":2},"f":{},"b":{},"_coverageSchema":"1a1c01bbd47fc00a2c39e90264f33305004495a9","hash":"92f38b6f21c49b1c28157c129d830269602dce57"}
,"C:\\Users\\gts\\OneDrive\\Documents\\JS Course\\Newfolder\\models\\Location.js": {"path":"C:\\Users\\gts\\OneDrive\\Documents\\JS Course\\Newfolder\\models\\Location.js","statementMap":{"0":{"start":{"line":1,"column":18},"end":{"line":1,"column":38}},"1":{"start":{"line":2,"column":18},"end":{"line":2,"column":47}},"2":{"start":{"line":5,"column":17},"end":{"line":16,"column":2}},"3":{"start":{"line":18,"column":0},"end":{"line":18,"column":26}}},"fnMap":{},"branchMap":{},"s":{"0":1,"1":1,"2":1,"3":1},"f":{},"b":{},"_coverageSchema":"1a1c01bbd47fc00a2c39e90264f33305004495a9","hash":"1cabe5810c9bfac40af04ae2df2a9d40d2cc151b"}
,"C:\\Users\\gts\\OneDrive\\Documents\\JS Course\\Newfolder\\models\\Place.js": {"path":"C:\\Users\\gts\\OneDrive\\Documents\\JS Course\\Newfolder\\models\\Place.js","statementMap":{"0":{"start":{"line":1,"column":18},"end":{"line":1,"column":38}},"1":{"start":{"line":2,"column":24},"end":{"line":2,"column":52}},"2":{"start":{"line":3,"column":18},"end":{"line":3,"column":47}},"3":{"start":{"line":4,"column":17},"end":{"line":4,"column":38}},"4":{"start":{"line":6,"column":14},"end":{"line":31,"column":1}},"5":{"start":{"line":33,"column":0},"end":{"line":38,"column":3}},"6":{"start":{"line":34,"column":2},"end":{"line":37,"column":5}},"7":{"start":{"line":40,"column":0},"end":{"line":45,"column":3}},"8":{"start":{"line":41,"column":2},"end":{"line":44,"column":5}},"9":{"start":{"line":47,"column":0},"end":{"line":47,"column":23}}},"fnMap":{"0":{"name":"(anonymous_0)","decl":{"start":{"line":33,"column":20},"end":{"line":33,"column":21}},"loc":{"start":{"line":33,"column":46},"end":{"line":38,"column":1}},"line":33},"1":{"name":"(anonymous_1)","decl":{"start":{"line":40,"column":20},"end":{"line":40,"column":21}},"loc":{"start":{"line":40,"column":46},"end":{"line":45,"column":1}},"line":40}},"branchMap":{},"s":{"0":1,"1":1,"2":1,"3":1,"4":1,"5":1,"6":0,"7":1,"8":0,"9":1},"f":{"0":0,"1":0},"b":{},"_coverageSchema":"1a1c01bbd47fc00a2c39e90264f33305004495a9","hash":"8f8d568fbaef9198c583bcf151d382f098fcdae0"}
,"C:\\Users\\gts\\OneDrive\\Documents\\JS Course\\Newfolder\\models\\PlaceProperties.js": {"path":"C:\\Users\\gts\\OneDrive\\Documents\\JS Course\\Newfolder\\models\\PlaceProperties.js","statementMap":{"0":{"start":{"line":1,"column":18},"end":{"line":1,"column":38}},"1":{"start":{"line":2,"column":18},"end":{"line":2,"column":47}},"2":{"start":{"line":5,"column":24},"end":{"line":26,"column":2}},"3":{"start":{"line":29,"column":0},"end":{"line":29,"column":33}}},"fnMap":{},"branchMap":{},"s":{"0":1,"1":1,"2":1,"3":1},"f":{},"b":{},"_coverageSchema":"1a1c01bbd47fc00a2c39e90264f33305004495a9","hash":"53dab595d5915a83e82a290ff36a0f20e3345ea6"}
,"C:\\Users\\gts\\OneDrive\\Documents\\JS Course\\Newfolder\\models\\Rate.js": {"path":"C:\\Users\\gts\\OneDrive\\Documents\\JS Course\\Newfolder\\models\\Rate.js","statementMap":{"0":{"start":{"line":1,"column":18},"end":{"line":1,"column":38}},"1":{"start":{"line":2,"column":18},"end":{"line":2,"column":47}},"2":{"start":{"line":4,"column":13},"end":{"line":17,"column":1}},"3":{"start":{"line":19,"column":0},"end":{"line":19,"column":22}}},"fnMap":{},"branchMap":{},"s":{"0":1,"1":1,"2":1,"3":1},"f":{},"b":{},"_coverageSchema":"1a1c01bbd47fc00a2c39e90264f33305004495a9","hash":"f9fb5185c292b93bd9a5ac6eb162c3eaf210ea84"}
,"C:\\Users\\gts\\OneDrive\\Documents\\JS Course\\Newfolder\\models\\User.js": {"path":"C:\\Users\\gts\\OneDrive\\Documents\\JS Course\\Newfolder\\models\\User.js","statementMap":{"0":{"start":{"line":1,"column":18},"end":{"line":1,"column":38}},"1":{"start":{"line":2,"column":18},"end":{"line":2,"column":47}},"2":{"start":{"line":3,"column":15},"end":{"line":3,"column":32}},"3":{"start":{"line":5,"column":13},"end":{"line":31,"column":2}},"4":{"start":{"line":21,"column":25},"end":{"line":21,"column":45}},"5":{"start":{"line":22,"column":12},"end":{"line":22,"column":73}},"6":{"start":{"line":33,"column":0},"end":{"line":35,"column":1}},"7":{"start":{"line":34,"column":4},"end":{"line":34,"column":60}},"8":{"start":{"line":37,"column":0},"end":{"line":47,"column":1}},"9":{"start":{"line":38,"column":17},"end":{"line":38,"column":65}},"10":{"start":{"line":40,"column":4},"end":{"line":46,"column":5}},"11":{"start":{"line":41,"column":21},"end":{"line":41,"column":66}},"12":{"start":{"line":42,"column":8},"end":{"line":44,"column":9}},"13":{"start":{"line":43,"column":12},"end":{"line":43,"column":24}},"14":{"start":{"line":45,"column":8},"end":{"line":45,"column":47}},"15":{"start":{"line":48,"column":0},"end":{"line":48,"column":22}}},"fnMap":{"0":{"name":"(anonymous_0)","decl":{"start":{"line":20,"column":8},"end":{"line":20,"column":9}},"loc":{"start":{"line":20,"column":19},"end":{"line":23,"column":9}},"line":20},"1":{"name":"(anonymous_1)","decl":{"start":{"line":33,"column":19},"end":{"line":33,"column":20}},"loc":{"start":{"line":33,"column":36},"end":{"line":35,"column":1}},"line":33},"2":{"name":"(anonymous_2)","decl":{"start":{"line":37,"column":13},"end":{"line":37,"column":14}},"loc":{"start":{"line":37,"column":40},"end":{"line":47,"column":1}},"line":37}},"branchMap":{"0":{"loc":{"start":{"line":40,"column":4},"end":{"line":46,"column":5}},"type":"if","locations":[{"start":{"line":40,"column":4},"end":{"line":46,"column":5}},{"start":{},"end":{}}],"line":40},"1":{"loc":{"start":{"line":42,"column":8},"end":{"line":44,"column":9}},"type":"if","locations":[{"start":{"line":42,"column":8},"end":{"line":44,"column":9}},{"start":{},"end":{}}],"line":42}},"s":{"0":2,"1":2,"2":2,"3":2,"4":0,"5":0,"6":2,"7":0,"8":2,"9":0,"10":0,"11":0,"12":0,"13":0,"14":0,"15":2},"f":{"0":0,"1":0,"2":0},"b":{"0":[0,0],"1":[0,0]},"_coverageSchema":"1a1c01bbd47fc00a2c39e90264f33305004495a9","hash":"0aaf466de791b5788a792245b2dffe658f4dbb59"}
,"C:\\Users\\gts\\OneDrive\\Documents\\JS Course\\Newfolder\\models\\index.js": {"path":"C:\\Users\\gts\\OneDrive\\Documents\\JS Course\\Newfolder\\models\\index.js","statementMap":{"0":{"start":{"line":1,"column":18},"end":{"line":1,"column":38}},"1":{"start":{"line":2,"column":18},"end":{"line":2,"column":47}},"2":{"start":{"line":3,"column":13},"end":{"line":3,"column":30}},"3":{"start":{"line":4,"column":13},"end":{"line":4,"column":30}},"4":{"start":{"line":5,"column":14},"end":{"line":5,"column":32}},"5":{"start":{"line":6,"column":17},"end":{"line":6,"column":38}},"6":{"start":{"line":7,"column":24},"end":{"line":7,"column":52}},"7":{"start":{"line":8,"column":23},"end":{"line":8,"column":70}},"8":{"start":{"line":9,"column":22},"end":{"line":9,"column":42}},"9":{"start":{"line":10,"column":0},"end":{"line":10,"column":37}},"10":{"start":{"line":11,"column":0},"end":{"line":11,"column":53}},"11":{"start":{"line":12,"column":0},"end":{"line":12,"column":45}},"12":{"start":{"line":13,"column":0},"end":{"line":13,"column":45}},"13":{"start":{"line":14,"column":0},"end":{"line":14,"column":21}},"14":{"start":{"line":15,"column":0},"end":{"line":15,"column":22}},"15":{"start":{"line":17,"column":0},"end":{"line":17,"column":26}},"16":{"start":{"line":18,"column":0},"end":{"line":18,"column":48}},"17":{"start":{"line":19,"column":0},"end":{"line":19,"column":33}},"18":{"start":{"line":20,"column":0},"end":{"line":20,"column":55}},"19":{"start":{"line":27,"column":0},"end":{"line":51,"column":2}},"20":{"start":{"line":28,"column":2},"end":{"line":50,"column":3}},"21":{"start":{"line":29,"column":4},"end":{"line":47,"column":5}},"22":{"start":{"line":30,"column":20},"end":{"line":35,"column":8}},"23":{"start":{"line":37,"column":20},"end":{"line":37,"column":73}},"24":{"start":{"line":39,"column":6},"end":{"line":41,"column":7}},"25":{"start":{"line":40,"column":8},"end":{"line":40,"column":47}},"26":{"start":{"line":43,"column":6},"end":{"line":45,"column":7}},"27":{"start":{"line":44,"column":8},"end":{"line":44,"column":20}},"28":{"start":{"line":46,"column":6},"end":{"line":46,"column":60}},"29":{"start":{"line":49,"column":4},"end":{"line":49,"column":16}},"30":{"start":{"line":53,"column":0},"end":{"line":53,"column":66}}},"fnMap":{"0":{"name":"(anonymous_0)","decl":{"start":{"line":27,"column":21},"end":{"line":27,"column":22}},"loc":{"start":{"line":27,"column":47},"end":{"line":51,"column":1}},"line":27}},"branchMap":{"0":{"loc":{"start":{"line":39,"column":6},"end":{"line":41,"column":7}},"type":"if","locations":[{"start":{"line":39,"column":6},"end":{"line":41,"column":7}},{"start":{},"end":{}}],"line":39},"1":{"loc":{"start":{"line":43,"column":6},"end":{"line":45,"column":7}},"type":"if","locations":[{"start":{"line":43,"column":6},"end":{"line":45,"column":7}},{"start":{},"end":{}}],"line":43}},"s":{"0":1,"1":1,"2":1,"3":1,"4":1,"5":1,"6":1,"7":1,"8":1,"9":1,"10":1,"11":1,"12":1,"13":1,"14":1,"15":1,"16":1,"17":1,"18":1,"19":1,"20":0,"21":0,"22":0,"23":0,"24":0,"25":0,"26":0,"27":0,"28":0,"29":0,"30":1},"f":{"0":0},"b":{"0":[0,0],"1":[0,0]},"_coverageSchema":"1a1c01bbd47fc00a2c39e90264f33305004495a9","hash":"b185c0220d90a1dac56c88d53b1de37fb673eb55"}
,"C:\\Users\\gts\\OneDrive\\Documents\\JS Course\\Newfolder\\server\\controllers\\authController.js": {"path":"C:\\Users\\gts\\OneDrive\\Documents\\JS Course\\Newfolder\\server\\controllers\\authController.js","statementMap":{"0":{"start":{"line":1,"column":13},"end":{"line":1,"column":41}},"1":{"start":{"line":2,"column":26},"end":{"line":2,"column":48}},"2":{"start":{"line":4,"column":15},"end":{"line":4,"column":31}},"3":{"start":{"line":6,"column":0},"end":{"line":19,"column":2}},"4":{"start":{"line":7,"column":2},"end":{"line":18,"column":3}},"5":{"start":{"line":8,"column":42},"end":{"line":8,"column":50}},"6":{"start":{"line":9,"column":17},"end":{"line":9,"column":65}},"7":{"start":{"line":10,"column":18},"end":{"line":10,"column":37}},"8":{"start":{"line":11,"column":4},"end":{"line":11,"column":72}},"9":{"start":{"line":12,"column":4},"end":{"line":12,"column":36}},"10":{"start":{"line":13,"column":4},"end":{"line":13,"column":31}},"11":{"start":{"line":15,"column":4},"end":{"line":15,"column":19}},"12":{"start":{"line":16,"column":4},"end":{"line":16,"column":44}},"13":{"start":{"line":17,"column":4},"end":{"line":17,"column":14}},"14":{"start":{"line":20,"column":0},"end":{"line":47,"column":2}},"15":{"start":{"line":21,"column":2},"end":{"line":46,"column":3}},"16":{"start":{"line":22,"column":30},"end":{"line":22,"column":69}},"17":{"start":{"line":24,"column":24},"end":{"line":26,"column":5}},"18":{"start":{"line":28,"column":30},"end":{"line":28,"column":52}},"19":{"start":{"line":30,"column":17},"end":{"line":30,"column":50}},"20":{"start":{"line":32,"column":18},"end":{"line":32,"column":37}},"21":{"start":{"line":34,"column":4},"end":{"line":38,"column":7}},"22":{"start":{"line":39,"column":4},"end":{"line":39,"column":55}},"23":{"start":{"line":41,"column":4},"end":{"line":41,"column":31}},"24":{"start":{"line":43,"column":4},"end":{"line":43,"column":35}},"25":{"start":{"line":44,"column":4},"end":{"line":44,"column":21}},"26":{"start":{"line":45,"column":4},"end":{"line":45,"column":16}},"27":{"start":{"line":48,"column":0},"end":{"line":51,"column":2}},"28":{"start":{"line":49,"column":2},"end":{"line":49,"column":39}},"29":{"start":{"line":50,"column":2},"end":{"line":50,"column":44}}},"fnMap":{"0":{"name":"(anonymous_0)","decl":{"start":{"line":6,"column":24},"end":{"line":6,"column":25}},"loc":{"start":{"line":6,"column":50},"end":{"line":19,"column":1}},"line":6},"1":{"name":"(anonymous_1)","decl":{"start":{"line":20,"column":23},"end":{"line":20,"column":24}},"loc":{"start":{"line":20,"column":49},"end":{"line":47,"column":1}},"line":20},"2":{"name":"(anonymous_2)","decl":{"start":{"line":48,"column":24},"end":{"line":48,"column":25}},"loc":{"start":{"line":48,"column":44},"end":{"line":51,"column":1}},"line":48}},"branchMap":{"0":{"loc":{"start":{"line":39,"column":4},"end":{"line":39,"column":54}},"type":"binary-expr","locations":[{"start":{"line":39,"column":4},"end":{"line":39,"column":19}},{"start":{"line":39,"column":23},"end":{"line":39,"column":54}}],"line":39}},"s":{"0":1,"1":1,"2":1,"3":1,"4":0,"5":0,"6":0,"7":0,"8":0,"9":0,"10":0,"11":0,"12":0,"13":0,"14":1,"15":5,"16":5,"17":5,"18":5,"19":5,"20":4,"21":4,"22":4,"23":4,"24":1,"25":1,"26":1,"27":1,"28":0,"29":0},"f":{"0":0,"1":5,"2":0},"b":{"0":[4,0]},"_coverageSchema":"1a1c01bbd47fc00a2c39e90264f33305004495a9","hash":"8e21fc9141185f0215915fa7e7cbce4168f4edc0"}
,"C:\\Users\\gts\\OneDrive\\Documents\\JS Course\\Newfolder\\server\\controllers\\authToken.js": {"path":"C:\\Users\\gts\\OneDrive\\Documents\\JS Course\\Newfolder\\server\\controllers\\authToken.js","statementMap":{"0":{"start":{"line":1,"column":12},"end":{"line":1,"column":35}},"1":{"start":{"line":3,"column":15},"end":{"line":3,"column":23}},"2":{"start":{"line":5,"column":15},"end":{"line":5,"column":31}},"3":{"start":{"line":8,"column":18},"end":{"line":11,"column":3}},"4":{"start":{"line":12,"column":18},"end":{"line":14,"column":3}},"5":{"start":{"line":16,"column":2},"end":{"line":16,"column":44}},"6":{"start":{"line":20,"column":2},"end":{"line":27,"column":3}},"7":{"start":{"line":22,"column":20},"end":{"line":22,"column":45}},"8":{"start":{"line":23,"column":4},"end":{"line":23,"column":41}},"9":{"start":{"line":24,"column":4},"end":{"line":24,"column":19}},"10":{"start":{"line":26,"column":4},"end":{"line":26,"column":16}},"11":{"start":{"line":30,"column":0},"end":{"line":33,"column":2}}},"fnMap":{"0":{"name":"generateToken","decl":{"start":{"line":7,"column":9},"end":{"line":7,"column":22}},"loc":{"start":{"line":7,"column":29},"end":{"line":17,"column":1}},"line":7},"1":{"name":"verifyToken","decl":{"start":{"line":19,"column":9},"end":{"line":19,"column":20}},"loc":{"start":{"line":19,"column":28},"end":{"line":28,"column":1}},"line":19}},"branchMap":{},"s":{"0":1,"1":1,"2":1,"3":0,"4":0,"5":0,"6":0,"7":0,"8":0,"9":0,"10":0,"11":1},"f":{"0":0,"1":0},"b":{},"_coverageSchema":"1a1c01bbd47fc00a2c39e90264f33305004495a9","hash":"8a95a37ed049c28da9b5b22d94373dfb699893f6"}
,"C:\\Users\\gts\\OneDrive\\Documents\\JS Course\\Newfolder\\server\\controllers\\locationController.js": {"path":"C:\\Users\\gts\\OneDrive\\Documents\\JS Course\\Newfolder\\server\\controllers\\locationController.js","statementMap":{"0":{"start":{"line":1,"column":17},"end":{"line":1,"column":49}},"1":{"start":{"line":3,"column":20},"end":{"line":17,"column":3}},"2":{"start":{"line":4,"column":4},"end":{"line":16,"column":5}},"3":{"start":{"line":5,"column":23},"end":{"line":7,"column":8}},"4":{"start":{"line":9,"column":6},"end":{"line":11,"column":7}},"5":{"start":{"line":10,"column":8},"end":{"line":10,"column":50}},"6":{"start":{"line":13,"column":6},"end":{"line":13,"column":46}},"7":{"start":{"line":14,"column":6},"end":{"line":14,"column":23}},"8":{"start":{"line":15,"column":6},"end":{"line":15,"column":18}},"9":{"start":{"line":19,"column":22},"end":{"line":19,"column":95}},"10":{"start":{"line":19,"column":51},"end":{"line":19,"column":95}},"11":{"start":{"line":22,"column":2},"end":{"line":22,"column":47}}},"fnMap":{"0":{"name":"(anonymous_0)","decl":{"start":{"line":3,"column":20},"end":{"line":3,"column":21}},"loc":{"start":{"line":3,"column":46},"end":{"line":17,"column":3}},"line":3},"1":{"name":"(anonymous_1)","decl":{"start":{"line":19,"column":22},"end":{"line":19,"column":23}},"loc":{"start":{"line":19,"column":51},"end":{"line":19,"column":95}},"line":19}},"branchMap":{"0":{"loc":{"start":{"line":9,"column":6},"end":{"line":11,"column":7}},"type":"if","locations":[{"start":{"line":9,"column":6},"end":{"line":11,"column":7}},{"start":{},"end":{}}],"line":9}},"s":{"0":1,"1":1,"2":0,"3":0,"4":0,"5":0,"6":0,"7":0,"8":0,"9":1,"10":0,"11":1},"f":{"0":0,"1":0},"b":{"0":[0,0]},"_coverageSchema":"1a1c01bbd47fc00a2c39e90264f33305004495a9","hash":"5e4a3d00d2e9b4dd63d55aa282a23226663e5c77"}
,"C:\\Users\\gts\\OneDrive\\Documents\\JS Course\\Newfolder\\server\\controllers\\placeController.js": {"path":"C:\\Users\\gts\\OneDrive\\Documents\\JS Course\\Newfolder\\server\\controllers\\placeController.js","statementMap":{"0":{"start":{"line":1,"column":14},"end":{"line":1,"column":43}},"1":{"start":{"line":2,"column":24},"end":{"line":2,"column":63}},"2":{"start":{"line":3,"column":22},"end":{"line":3,"column":45}},"3":{"start":{"line":4,"column":13},"end":{"line":4,"column":41}},"4":{"start":{"line":5,"column":24},"end":{"line":5,"column":55}},"5":{"start":{"line":6,"column":13},"end":{"line":6,"column":41}},"6":{"start":{"line":8,"column":15},"end":{"line":24,"column":1}},"7":{"start":{"line":9,"column":2},"end":{"line":23,"column":3}},"8":{"start":{"line":10,"column":19},"end":{"line":14,"column":6}},"9":{"start":{"line":16,"column":4},"end":{"line":18,"column":5}},"10":{"start":{"line":17,"column":6},"end":{"line":17,"column":46}},"11":{"start":{"line":20,"column":4},"end":{"line":20,"column":45}},"12":{"start":{"line":21,"column":4},"end":{"line":21,"column":21}},"13":{"start":{"line":22,"column":4},"end":{"line":22,"column":16}},"14":{"start":{"line":26,"column":17},"end":{"line":59,"column":1}},"15":{"start":{"line":39,"column":6},"end":{"line":39,"column":14}},"16":{"start":{"line":41,"column":16},"end":{"line":46,"column":4}},"17":{"start":{"line":47,"column":26},"end":{"line":54,"column":4}},"18":{"start":{"line":56,"column":2},"end":{"line":56,"column":34}},"19":{"start":{"line":58,"column":2},"end":{"line":58,"column":51}},"20":{"start":{"line":61,"column":24},"end":{"line":68,"column":1}},"21":{"start":{"line":62,"column":16},"end":{"line":62,"column":64}},"22":{"start":{"line":64,"column":2},"end":{"line":66,"column":3}},"23":{"start":{"line":65,"column":4},"end":{"line":65,"column":16}},"24":{"start":{"line":67,"column":2},"end":{"line":67,"column":15}},"25":{"start":{"line":70,"column":19},"end":{"line":83,"column":1}},"26":{"start":{"line":71,"column":2},"end":{"line":82,"column":3}},"27":{"start":{"line":72,"column":4},"end":{"line":79,"column":6}},"28":{"start":{"line":81,"column":4},"end":{"line":81,"column":67}},"29":{"start":{"line":85,"column":20},"end":{"line":99,"column":1}},"30":{"start":{"line":87,"column":16},"end":{"line":87,"column":76}},"31":{"start":{"line":89,"column":2},"end":{"line":98,"column":3}},"32":{"start":{"line":90,"column":18},"end":{"line":90,"column":40}},"33":{"start":{"line":91,"column":4},"end":{"line":93,"column":5}},"34":{"start":{"line":92,"column":6},"end":{"line":92,"column":31}},"35":{"start":{"line":94,"column":4},"end":{"line":94,"column":26}},"36":{"start":{"line":95,"column":4},"end":{"line":95,"column":68}},"37":{"start":{"line":97,"column":4},"end":{"line":97,"column":44}},"38":{"start":{"line":101,"column":0},"end":{"line":101,"column":80}}},"fnMap":{"0":{"name":"(anonymous_0)","decl":{"start":{"line":8,"column":15},"end":{"line":8,"column":16}},"loc":{"start":{"line":8,"column":41},"end":{"line":24,"column":1}},"line":8},"1":{"name":"(anonymous_1)","decl":{"start":{"line":26,"column":17},"end":{"line":26,"column":18}},"loc":{"start":{"line":26,"column":37},"end":{"line":59,"column":1}},"line":26},"2":{"name":"(anonymous_2)","decl":{"start":{"line":61,"column":24},"end":{"line":61,"column":25}},"loc":{"start":{"line":61,"column":41},"end":{"line":68,"column":1}},"line":61},"3":{"name":"(anonymous_3)","decl":{"start":{"line":70,"column":19},"end":{"line":70,"column":20}},"loc":{"start":{"line":70,"column":47},"end":{"line":83,"column":1}},"line":70},"4":{"name":"(anonymous_4)","decl":{"start":{"line":85,"column":20},"end":{"line":85,"column":21}},"loc":{"start":{"line":85,"column":40},"end":{"line":99,"column":1}},"line":85}},"branchMap":{"0":{"loc":{"start":{"line":16,"column":4},"end":{"line":18,"column":5}},"type":"if","locations":[{"start":{"line":16,"column":4},"end":{"line":18,"column":5}},{"start":{},"end":{}}],"line":16},"1":{"loc":{"start":{"line":64,"column":2},"end":{"line":66,"column":3}},"type":"if","locations":[{"start":{"line":64,"column":2},"end":{"line":66,"column":3}},{"start":{},"end":{}}],"line":64},"2":{"loc":{"start":{"line":89,"column":2},"end":{"line":98,"column":3}},"type":"if","locations":[{"start":{"line":89,"column":2},"end":{"line":98,"column":3}},{"start":{"line":96,"column":9},"end":{"line":98,"column":3}}],"line":89},"3":{"loc":{"start":{"line":91,"column":4},"end":{"line":93,"column":5}},"type":"if","locations":[{"start":{"line":91,"column":4},"end":{"line":93,"column":5}},{"start":{},"end":{}}],"line":91}},"s":{"0":1,"1":1,"2":1,"3":1,"4":1,"5":1,"6":1,"7":2,"8":2,"9":1,"10":1,"11":1,"12":1,"13":1,"14":1,"15":0,"16":0,"17":0,"18":0,"19":0,"20":1,"21":0,"22":0,"23":0,"24":0,"25":1,"26":0,"27":0,"28":0,"29":1,"30":0,"31":0,"32":0,"33":0,"34":0,"35":0,"36":0,"37":0,"38":1},"f":{"0":2,"1":0,"2":0,"3":0,"4":0},"b":{"0":[1,0],"1":[0,0],"2":[0,0],"3":[0,0]},"_coverageSchema":"1a1c01bbd47fc00a2c39e90264f33305004495a9","hash":"bd28bc6f9e2d2783f3aa5802d0fb7268c9ff3f70"}
,"C:\\Users\\gts\\OneDrive\\Documents\\JS Course\\Newfolder\\server\\controllers\\rateController.js": {"path":"C:\\Users\\gts\\OneDrive\\Documents\\JS Course\\Newfolder\\server\\controllers\\rateController.js","statementMap":{"0":{"start":{"line":1,"column":13},"end":{"line":1,"column":41}},"1":{"start":{"line":2,"column":23},"end":{"line":2,"column":51}},"2":{"start":{"line":3,"column":22},"end":{"line":3,"column":45}},"3":{"start":{"line":4,"column":13},"end":{"line":4,"column":41}},"4":{"start":{"line":7,"column":19},"end":{"line":14,"column":1}},"5":{"start":{"line":8,"column":16},"end":{"line":12,"column":43}},"6":{"start":{"line":13,"column":2},"end":{"line":13,"column":29}},"7":{"start":{"line":16,"column":22},"end":{"line":31,"column":1}},"8":{"start":{"line":17,"column":2},"end":{"line":30,"column":3}},"9":{"start":{"line":18,"column":28},"end":{"line":20,"column":6}},"10":{"start":{"line":22,"column":20},"end":{"line":22,"column":66}},"11":{"start":{"line":22,"column":47},"end":{"line":22,"column":62}},"12":{"start":{"line":23,"column":20},"end":{"line":23,"column":35}},"13":{"start":{"line":24,"column":4},"end":{"line":24,"column":39}},"14":{"start":{"line":26,"column":4},"end":{"line":28,"column":5}},"15":{"start":{"line":27,"column":6},"end":{"line":27,"column":18}},"16":{"start":{"line":29,"column":4},"end":{"line":29,"column":61}},"17":{"start":{"line":34,"column":16},"end":{"line":50,"column":1}},"18":{"start":{"line":35,"column":2},"end":{"line":49,"column":3}},"19":{"start":{"line":36,"column":4},"end":{"line":46,"column":5}},"20":{"start":{"line":37,"column":49},"end":{"line":37,"column":57}},"21":{"start":{"line":38,"column":22},"end":{"line":38,"column":75}},"22":{"start":{"line":39,"column":6},"end":{"line":39,"column":35}},"23":{"start":{"line":40,"column":6},"end":{"line":40,"column":40}},"24":{"start":{"line":42,"column":6},"end":{"line":44,"column":7}},"25":{"start":{"line":43,"column":8},"end":{"line":43,"column":26}},"26":{"start":{"line":45,"column":6},"end":{"line":45,"column":58}},"27":{"start":{"line":48,"column":4},"end":{"line":48,"column":16}},"28":{"start":{"line":52,"column":21},"end":{"line":58,"column":1}},"29":{"start":{"line":53,"column":2},"end":{"line":57,"column":3}},"30":{"start":{"line":54,"column":4},"end":{"line":54,"column":58}},"31":{"start":{"line":56,"column":4},"end":{"line":56,"column":67}},"32":{"start":{"line":60,"column":17},"end":{"line":79,"column":1}},"33":{"start":{"line":61,"column":2},"end":{"line":78,"column":3}},"34":{"start":{"line":62,"column":4},"end":{"line":75,"column":5}},"35":{"start":{"line":63,"column":49},"end":{"line":63,"column":57}},"36":{"start":{"line":65,"column":22},"end":{"line":67,"column":9}},"37":{"start":{"line":68,"column":6},"end":{"line":68,"column":35}},"38":{"start":{"line":69,"column":6},"end":{"line":69,"column":40}},"39":{"start":{"line":71,"column":6},"end":{"line":73,"column":7}},"40":{"start":{"line":72,"column":8},"end":{"line":72,"column":26}},"41":{"start":{"line":74,"column":6},"end":{"line":74,"column":59}},"42":{"start":{"line":77,"column":4},"end":{"line":77,"column":16}},"43":{"start":{"line":81,"column":0},"end":{"line":81,"column":65}}},"fnMap":{"0":{"name":"(anonymous_0)","decl":{"start":{"line":7,"column":19},"end":{"line":7,"column":20}},"loc":{"start":{"line":7,"column":39},"end":{"line":14,"column":1}},"line":7},"1":{"name":"(anonymous_1)","decl":{"start":{"line":16,"column":22},"end":{"line":16,"column":23}},"loc":{"start":{"line":16,"column":41},"end":{"line":31,"column":1}},"line":16},"2":{"name":"(anonymous_2)","decl":{"start":{"line":22,"column":32},"end":{"line":22,"column":33}},"loc":{"start":{"line":22,"column":47},"end":{"line":22,"column":62}},"line":22},"3":{"name":"(anonymous_3)","decl":{"start":{"line":34,"column":16},"end":{"line":34,"column":17}},"loc":{"start":{"line":34,"column":42},"end":{"line":50,"column":1}},"line":34},"4":{"name":"(anonymous_4)","decl":{"start":{"line":52,"column":21},"end":{"line":52,"column":22}},"loc":{"start":{"line":52,"column":35},"end":{"line":58,"column":1}},"line":52},"5":{"name":"(anonymous_5)","decl":{"start":{"line":60,"column":17},"end":{"line":60,"column":18}},"loc":{"start":{"line":60,"column":43},"end":{"line":79,"column":1}},"line":60}},"branchMap":{"0":{"loc":{"start":{"line":26,"column":4},"end":{"line":28,"column":5}},"type":"if","locations":[{"start":{"line":26,"column":4},"end":{"line":28,"column":5}},{"start":{},"end":{}}],"line":26},"1":{"loc":{"start":{"line":42,"column":6},"end":{"line":44,"column":7}},"type":"if","locations":[{"start":{"line":42,"column":6},"end":{"line":44,"column":7}},{"start":{},"end":{}}],"line":42},"2":{"loc":{"start":{"line":71,"column":6},"end":{"line":73,"column":7}},"type":"if","locations":[{"start":{"line":71,"column":6},"end":{"line":73,"column":7}},{"start":{},"end":{}}],"line":71}},"s":{"0":1,"1":1,"2":1,"3":1,"4":1,"5":0,"6":0,"7":1,"8":0,"9":0,"10":0,"11":0,"12":0,"13":0,"14":0,"15":0,"16":0,"17":1,"18":0,"19":0,"20":0,"21":0,"22":0,"23":0,"24":0,"25":0,"26":0,"27":0,"28":1,"29":0,"30":0,"31":0,"32":1,"33":0,"34":0,"35":0,"36":0,"37":0,"38":0,"39":0,"40":0,"41":0,"42":0,"43":1},"f":{"0":0,"1":0,"2":0,"3":0,"4":0,"5":0},"b":{"0":[0,0],"1":[0,0],"2":[0,0]},"_coverageSchema":"1a1c01bbd47fc00a2c39e90264f33305004495a9","hash":"07de8c470f67aa63b3480a217165a1330f6eeefe"}
}
