{"C:\\Users\\gts\\OneDrive\\Documents\\JS Course\\Newfolder\\config\\database.js": {"path":"C:\\Users\\gts\\OneDrive\\Documents\\JS Course\\Newfolder\\config\\database.js","statementMap":{"0":{"start":{"line":1,"column":18},"end":{"line":1,"column":38}},"1":{"start":{"line":3,"column":18},"end":{"line":3,"column":89}},"2":{"start":{"line":6,"column":0},"end":{"line":6,"column":27}}},"fnMap":{},"branchMap":{},"s":{"0":1,"1":1,"2":1},"f":{},"b":{},"_coverageSchema":"1a1c01bbd47fc00a2c39e90264f33305004495a9","hash":"92f38b6f21c49b1c28157c129d830269602dce57"}
,"C:\\Users\\gts\\OneDrive\\Documents\\JS Course\\Newfolder\\models\\User.js": {"path":"C:\\Users\\gts\\OneDrive\\Documents\\JS Course\\Newfolder\\models\\User.js","statementMap":{"0":{"start":{"line":1,"column":18},"end":{"line":1,"column":38}},"1":{"start":{"line":2,"column":18},"end":{"line":2,"column":47}},"2":{"start":{"line":3,"column":15},"end":{"line":3,"column":32}},"3":{"start":{"line":5,"column":13},"end":{"line":31,"column":2}},"4":{"start":{"line":21,"column":25},"end":{"line":21,"column":45}},"5":{"start":{"line":22,"column":12},"end":{"line":22,"column":73}},"6":{"start":{"line":33,"column":0},"end":{"line":35,"column":1}},"7":{"start":{"line":34,"column":4},"end":{"line":34,"column":60}},"8":{"start":{"line":37,"column":0},"end":{"line":47,"column":1}},"9":{"start":{"line":38,"column":17},"end":{"line":38,"column":65}},"10":{"start":{"line":40,"column":4},"end":{"line":46,"column":5}},"11":{"start":{"line":41,"column":21},"end":{"line":41,"column":66}},"12":{"start":{"line":42,"column":8},"end":{"line":44,"column":9}},"13":{"start":{"line":43,"column":12},"end":{"line":43,"column":24}},"14":{"start":{"line":45,"column":8},"end":{"line":45,"column":47}},"15":{"start":{"line":48,"column":0},"end":{"line":48,"column":22}}},"fnMap":{"0":{"name":"(anonymous_0)","decl":{"start":{"line":20,"column":8},"end":{"line":20,"column":9}},"loc":{"start":{"line":20,"column":19},"end":{"line":23,"column":9}},"line":20},"1":{"name":"(anonymous_1)","decl":{"start":{"line":33,"column":19},"end":{"line":33,"column":20}},"loc":{"start":{"line":33,"column":36},"end":{"line":35,"column":1}},"line":33},"2":{"name":"(anonymous_2)","decl":{"start":{"line":37,"column":13},"end":{"line":37,"column":14}},"loc":{"start":{"line":37,"column":40},"end":{"line":47,"column":1}},"line":37}},"branchMap":{"0":{"loc":{"start":{"line":40,"column":4},"end":{"line":46,"column":5}},"type":"if","locations":[{"start":{"line":40,"column":4},"end":{"line":46,"column":5}},{"start":{},"end":{}}],"line":40},"1":{"loc":{"start":{"line":42,"column":8},"end":{"line":44,"column":9}},"type":"if","locations":[{"start":{"line":42,"column":8},"end":{"line":44,"column":9}},{"start":{},"end":{}}],"line":42}},"s":{"0":1,"1":1,"2":1,"3":1,"4":0,"5":0,"6":1,"7":0,"8":1,"9":0,"10":0,"11":0,"12":0,"13":0,"14":0,"15":1},"f":{"0":0,"1":0,"2":0},"b":{"0":[0,0],"1":[0,0]},"_coverageSchema":"1a1c01bbd47fc00a2c39e90264f33305004495a9","hash":"0aaf466de791b5788a792245b2dffe658f4dbb59"}
,"C:\\Users\\gts\\OneDrive\\Documents\\JS Course\\Newfolder\\server\\controllers\\authController.js": {"path":"C:\\Users\\gts\\OneDrive\\Documents\\JS Course\\Newfolder\\server\\controllers\\authController.js","statementMap":{"0":{"start":{"line":1,"column":13},"end":{"line":1,"column":41}},"1":{"start":{"line":2,"column":26},"end":{"line":2,"column":48}},"2":{"start":{"line":4,"column":15},"end":{"line":4,"column":31}},"3":{"start":{"line":6,"column":0},"end":{"line":19,"column":2}},"4":{"start":{"line":7,"column":2},"end":{"line":18,"column":3}},"5":{"start":{"line":8,"column":42},"end":{"line":8,"column":50}},"6":{"start":{"line":9,"column":17},"end":{"line":9,"column":65}},"7":{"start":{"line":10,"column":18},"end":{"line":10,"column":37}},"8":{"start":{"line":11,"column":4},"end":{"line":11,"column":72}},"9":{"start":{"line":12,"column":4},"end":{"line":12,"column":36}},"10":{"start":{"line":13,"column":4},"end":{"line":13,"column":31}},"11":{"start":{"line":15,"column":4},"end":{"line":15,"column":19}},"12":{"start":{"line":16,"column":4},"end":{"line":16,"column":44}},"13":{"start":{"line":17,"column":4},"end":{"line":17,"column":14}},"14":{"start":{"line":20,"column":0},"end":{"line":48,"column":2}},"15":{"start":{"line":21,"column":2},"end":{"line":47,"column":3}},"16":{"start":{"line":22,"column":30},"end":{"line":22,"column":69}},"17":{"start":{"line":24,"column":24},"end":{"line":26,"column":5}},"18":{"start":{"line":28,"column":30},"end":{"line":28,"column":52}},"19":{"start":{"line":30,"column":17},"end":{"line":30,"column":50}},"20":{"start":{"line":32,"column":18},"end":{"line":32,"column":37}},"21":{"start":{"line":33,"column":0},"end":{"line":33,"column":18}},"22":{"start":{"line":34,"column":4},"end":{"line":38,"column":7}},"23":{"start":{"line":39,"column":4},"end":{"line":39,"column":55}},"24":{"start":{"line":40,"column":4},"end":{"line":40,"column":47}},"25":{"start":{"line":41,"column":4},"end":{"line":41,"column":32}},"26":{"start":{"line":42,"column":4},"end":{"line":42,"column":31}},"27":{"start":{"line":44,"column":4},"end":{"line":44,"column":35}},"28":{"start":{"line":45,"column":4},"end":{"line":45,"column":21}},"29":{"start":{"line":46,"column":4},"end":{"line":46,"column":16}},"30":{"start":{"line":49,"column":0},"end":{"line":52,"column":2}},"31":{"start":{"line":50,"column":2},"end":{"line":50,"column":39}},"32":{"start":{"line":51,"column":2},"end":{"line":51,"column":44}}},"fnMap":{"0":{"name":"(anonymous_0)","decl":{"start":{"line":6,"column":24},"end":{"line":6,"column":25}},"loc":{"start":{"line":6,"column":50},"end":{"line":19,"column":1}},"line":6},"1":{"name":"(anonymous_1)","decl":{"start":{"line":20,"column":23},"end":{"line":20,"column":24}},"loc":{"start":{"line":20,"column":49},"end":{"line":48,"column":1}},"line":20},"2":{"name":"(anonymous_2)","decl":{"start":{"line":49,"column":24},"end":{"line":49,"column":25}},"loc":{"start":{"line":49,"column":44},"end":{"line":52,"column":1}},"line":49}},"branchMap":{"0":{"loc":{"start":{"line":39,"column":4},"end":{"line":39,"column":54}},"type":"binary-expr","locations":[{"start":{"line":39,"column":4},"end":{"line":39,"column":19}},{"start":{"line":39,"column":23},"end":{"line":39,"column":54}}],"line":39}},"s":{"0":1,"1":1,"2":1,"3":1,"4":0,"5":0,"6":0,"7":0,"8":0,"9":0,"10":0,"11":0,"12":0,"13":0,"14":1,"15":5,"16":5,"17":5,"18":5,"19":5,"20":4,"21":4,"22":4,"23":4,"24":4,"25":4,"26":4,"27":1,"28":1,"29":1,"30":1,"31":0,"32":0},"f":{"0":0,"1":5,"2":0},"b":{"0":[4,0]},"_coverageSchema":"1a1c01bbd47fc00a2c39e90264f33305004495a9","hash":"b1f807287b20ceb2c1f0c40ea42e09d01b1f0b9a"}
,"C:\\Users\\gts\\OneDrive\\Documents\\JS Course\\Newfolder\\server\\controllers\\authToken.js": {"path":"C:\\Users\\gts\\OneDrive\\Documents\\JS Course\\Newfolder\\server\\controllers\\authToken.js","statementMap":{"0":{"start":{"line":1,"column":12},"end":{"line":1,"column":35}},"1":{"start":{"line":3,"column":15},"end":{"line":3,"column":23}},"2":{"start":{"line":5,"column":15},"end":{"line":5,"column":31}},"3":{"start":{"line":8,"column":18},"end":{"line":11,"column":3}},"4":{"start":{"line":12,"column":18},"end":{"line":14,"column":3}},"5":{"start":{"line":16,"column":2},"end":{"line":16,"column":44}},"6":{"start":{"line":20,"column":2},"end":{"line":27,"column":3}},"7":{"start":{"line":22,"column":20},"end":{"line":22,"column":45}},"8":{"start":{"line":23,"column":4},"end":{"line":23,"column":41}},"9":{"start":{"line":24,"column":4},"end":{"line":24,"column":19}},"10":{"start":{"line":26,"column":4},"end":{"line":26,"column":16}},"11":{"start":{"line":30,"column":0},"end":{"line":33,"column":2}}},"fnMap":{"0":{"name":"generateToken","decl":{"start":{"line":7,"column":9},"end":{"line":7,"column":22}},"loc":{"start":{"line":7,"column":29},"end":{"line":17,"column":1}},"line":7},"1":{"name":"verifyToken","decl":{"start":{"line":19,"column":9},"end":{"line":19,"column":20}},"loc":{"start":{"line":19,"column":28},"end":{"line":28,"column":1}},"line":19}},"branchMap":{},"s":{"0":1,"1":1,"2":1,"3":0,"4":0,"5":0,"6":0,"7":0,"8":0,"9":0,"10":0,"11":1},"f":{"0":0,"1":0},"b":{},"_coverageSchema":"1a1c01bbd47fc00a2c39e90264f33305004495a9","hash":"8a95a37ed049c28da9b5b22d94373dfb699893f6"}
}
