TN:
SF:config\database.js
FNF:0
FNH:0
DA:1,1
DA:3,1
DA:6,1
LF:3
LH:3
BRF:0
BRH:0
end_of_record
TN:
SF:models\User.js
FN:20,(anonymous_0)
FN:33,(anonymous_1)
FN:37,(anonymous_2)
FNF:3
FNH:0
FNDA:0,(anonymous_0)
FNDA:0,(anonymous_1)
FNDA:0,(anonymous_2)
DA:1,1
DA:2,1
DA:3,1
DA:5,1
DA:21,0
DA:22,0
DA:33,1
DA:34,0
DA:37,1
DA:38,0
DA:40,0
DA:41,0
DA:42,0
DA:43,0
DA:45,0
DA:48,1
LF:16
LH:7
BRDA:40,0,0,0
BRDA:40,0,1,0
BRDA:42,1,0,0
BRDA:42,1,1,0
BRF:4
BRH:0
end_of_record
TN:
SF:server\controllers\authController.js
FN:6,(anonymous_0)
FN:20,(anonymous_1)
FN:48,(anonymous_2)
FNF:3
FNH:1
FNDA:0,(anonymous_0)
FNDA:5,(anonymous_1)
FNDA:0,(anonymous_2)
DA:1,1
DA:2,1
DA:4,1
DA:6,1
DA:7,0
DA:8,0
DA:9,0
DA:10,0
DA:11,0
DA:12,0
DA:13,0
DA:15,0
DA:16,0
DA:17,0
DA:20,1
DA:21,5
DA:22,5
DA:24,5
DA:28,5
DA:30,5
DA:32,4
DA:34,4
DA:39,4
DA:41,4
DA:43,1
DA:44,1
DA:45,1
DA:48,1
DA:49,0
DA:50,0
LF:30
LH:18
BRDA:39,0,0,4
BRDA:39,0,1,0
BRF:2
BRH:1
end_of_record
TN:
SF:server\controllers\authToken.js
FN:7,generateToken
FN:19,verifyToken
FNF:2
FNH:0
FNDA:0,generateToken
FNDA:0,verifyToken
DA:1,1
DA:3,1
DA:5,1
DA:8,0
DA:12,0
DA:16,0
DA:20,0
DA:22,0
DA:23,0
DA:24,0
DA:26,0
DA:30,1
LF:12
LH:4
BRF:0
BRH:0
end_of_record
